[debug] [2023-02-18T11:28:24.360Z] ----------------------------------------------------------------------
[debug] [2023-02-18T11:28:24.365Z] Command:       C:\Program Files\nodejs\node.exe C:\Users\poorl\AppData\Roaming\npm\node_modules\firebase-tools\lib\bin\firebase.js deploy
[debug] [2023-02-18T11:28:24.366Z] CLI Version:   11.22.0
[debug] [2023-02-18T11:28:24.366Z] Platform:      win32
[debug] [2023-02-18T11:28:24.366Z] Node Version:  v19.6.0
[debug] [2023-02-18T11:28:24.366Z] Time:          Sun Feb 19 2023 00:28:24 GMT+1300 (New Zealand Daylight Time)
[debug] [2023-02-18T11:28:24.366Z] ----------------------------------------------------------------------
[debug] 
[debug] [2023-02-18T11:28:24.506Z] > command requires scopes: ["email","openid","https://www.googleapis.com/auth/cloudplatformprojects.readonly","https://www.googleapis.com/auth/firebase","https://www.googleapis.com/auth/cloud-platform"]
[debug] [2023-02-18T11:28:24.507Z] > authorizing via signed-in user (monkmodemovement@gmail.com)
[debug] [2023-02-18T11:28:24.507Z] [iam] checking project monk-mode-movement for permissions ["firebase.projects.get","firebasehosting.sites.update"]
[debug] [2023-02-18T11:28:24.510Z] > refreshing access token with scopes: []
[debug] [2023-02-18T11:28:24.513Z] >>> [apiv2][query] POST https://www.googleapis.com/oauth2/v3/token [none]
[debug] [2023-02-18T11:28:24.513Z] >>> [apiv2][body] POST https://www.googleapis.com/oauth2/v3/token [omitted]
[debug] [2023-02-18T11:28:25.117Z] <<< [apiv2][status] POST https://www.googleapis.com/oauth2/v3/token 200
[debug] [2023-02-18T11:28:25.118Z] <<< [apiv2][body] POST https://www.googleapis.com/oauth2/v3/token [omitted]
[debug] [2023-02-18T11:28:25.139Z] >>> [apiv2][query] POST https://cloudresourcemanager.googleapis.com/v1/projects/monk-mode-movement:testIamPermissions [none]
[debug] [2023-02-18T11:28:25.140Z] >>> [apiv2][(partial)header] POST https://cloudresourcemanager.googleapis.com/v1/projects/monk-mode-movement:testIamPermissions x-goog-quota-user=projects/monk-mode-movement
[debug] [2023-02-18T11:28:25.140Z] >>> [apiv2][body] POST https://cloudresourcemanager.googleapis.com/v1/projects/monk-mode-movement:testIamPermissions {"permissions":["firebase.projects.get","firebasehosting.sites.update"]}
[debug] [2023-02-18T11:28:26.429Z] <<< [apiv2][status] POST https://cloudresourcemanager.googleapis.com/v1/projects/monk-mode-movement:testIamPermissions 200
[debug] [2023-02-18T11:28:26.429Z] <<< [apiv2][body] POST https://cloudresourcemanager.googleapis.com/v1/projects/monk-mode-movement:testIamPermissions {"permissions":["firebase.projects.get","firebasehosting.sites.update"]}
[debug] [2023-02-18T11:28:26.430Z] >>> [apiv2][query] GET https://firebase.googleapis.com/v1beta1/projects/monk-mode-movement [none]
[debug] [2023-02-18T11:28:27.028Z] <<< [apiv2][status] GET https://firebase.googleapis.com/v1beta1/projects/monk-mode-movement 200
[debug] [2023-02-18T11:28:27.028Z] <<< [apiv2][body] GET https://firebase.googleapis.com/v1beta1/projects/monk-mode-movement {"projectId":"monk-mode-movement","projectNumber":"461521295771","displayName":"Monk Mode Movement","name":"projects/monk-mode-movement","resources":{"hostingSite":"monk-mode-movement","storageBucket":"monk-mode-movement.appspot.com","locationId":"us-central"},"state":"ACTIVE","etag":"1_e3b06e36-eb42-419a-9fda-ace81accecfc"}
[info] 
[info] === Deploying to 'monk-mode-movement'...
[info] 
[info] i  deploying hosting 
[debug] [2023-02-18T11:28:27.036Z] >>> [apiv2][query] POST https://firebasehosting.googleapis.com/v1beta1/projects/-/sites/monk-mode-movement/versions [none]
[debug] [2023-02-18T11:28:27.036Z] >>> [apiv2][body] POST https://firebasehosting.googleapis.com/v1beta1/projects/-/sites/monk-mode-movement/versions {"status":"CREATED","labels":{"deployment-tool":"cli-firebase"}}
[debug] [2023-02-18T11:28:29.248Z] <<< [apiv2][status] POST https://firebasehosting.googleapis.com/v1beta1/projects/-/sites/monk-mode-movement/versions 200
[debug] [2023-02-18T11:28:29.249Z] <<< [apiv2][body] POST https://firebasehosting.googleapis.com/v1beta1/projects/-/sites/monk-mode-movement/versions {"name":"projects/461521295771/sites/monk-mode-movement/versions/92dbfea8216c678c","status":"CREATED","config":{},"labels":{"deployment-tool":"cli-firebase"}}
[info] i  hosting[monk-mode-movement]: beginning deploy... 
[info] i  hosting[monk-mode-movement]: found 21 files in build 
[debug] [2023-02-18T11:28:29.265Z] [hosting] uploading with 200 concurrency
[debug] [2023-02-18T11:28:29.415Z] [hosting] hash cache [YnVpbGQ] stored for 21 files
[debug] [2023-02-18T11:28:29.415Z] [hosting][hash queue][FINAL] {"max":138,"min":3,"avg":24.285714285714285,"active":0,"complete":21,"success":21,"errored":0,"retried":0,"total":21,"elapsed":147}
[debug] [2023-02-18T11:28:29.416Z] >>> [apiv2][query] POST https://firebasehosting.googleapis.com/v1beta1/projects/461521295771/sites/monk-mode-movement/versions/92dbfea8216c678c:populateFiles [none]
[debug] [2023-02-18T11:28:29.416Z] >>> [apiv2][body] POST https://firebasehosting.googleapis.com/v1beta1/projects/461521295771/sites/monk-mode-movement/versions/92dbfea8216c678c:populateFiles {"files":{"/favicon.ico":"eae62e993eb980ec8a25058c39d5a51feab118bd2100c4deebb2a9c158ec11f9","/logo192.png":"3ee59515172ee198f3be375979df15ac5345183e656720a381b8872b2a39dc8b","/logo512.png":"ee7e2f3fdb8209c4b6fd7bef6ba50d1b9dba30a25bb5c3126df057e1cb6f5331","/manifest.json":"5c997de1364b8be939319fa9209abd77f2caf7f8844999a9e2e9173f844e7840","/mmm-pfp.ico":"c41226d28e0fda474251963dfe8ff4ffcd9978ca207de2b8bb82e65031750822","/mmm-pfp.png":"d62f21d1512ebb21dd09362438947230f11d10b8d14df231a6c7812d7c250ec1","/robots.txt":"b2090cf9761ef60aa06e4fab97679bd43dfa5e5df073701ead5879d7c68f1ec5","/sitemap.xml":"cf503cc52fd7f2dd14cc8862224e9b6112052bae774266e2c0cdc62d80df435d","/asset-manifest.json":"98fddce2b0cdb36a89f7e50272acd7a17899ccf8eaa46c7523d3344e471b8517","/index.html":"5fecea4eb2f0690157c50da24be2ee4f89bedd6fe72d9b1ae77198125e96862a","/service-worker.js.LICENSE.txt":"5d7e5b57938d46394ba5efca4f472d79b7221bc643cee649c4c4671e02100914","/static/css/main.76c77f67.css":"a2343ede9b4111c1cd1680a143475ab0ca1c47c4195f8378a125f0cd198d5fc1","/static/js/787.28cb0dcd.chunk.js":"b72129aadef2b1cce5f847b935b4b58bca879c736479ede4c4e80bccf03f82a0","/static/js/787.28cb0dcd.chunk.js.map":"f5e289f1d3a65301e04aa54c001e681f700b9c8f4ba2774a7c5f92bf93d0d3a6","/service-worker.js":"cd556758b207bc375e03bde1299abc21ce6e4dea2adacc37728aa9596f30fe4d","/static/js/main.df1f5418.js.LICENSE.txt":"38423aead7c666c8648c7d6d75d6a983fa34b29af00dacde04d51b41625e8340","/static/css/main.76c77f67.css.map":"1a2ae2a2fc283ad38edaf2bd57de6485b6326921fd876e4bd566d201057530dc","/static/js/main.df1f5418.js":"0e8771cd19ca2c343308424afdbddc0eab3bf1f1fe22bc33e419bd4aae42206b","/service-worker.js.map":"511e380a49f06bd78a043a169df1f2823e4d062d25d35e74692fa727fef0c093","/static/media/long-banner.04eeb9dd7e3e7e9828a8.png":"f0a8091270368ac42bcdff00e071189d6321961ab9a225b9975e424148905c59","/static/js/main.df1f5418.js.map":"2e71cd7c4750a8b5c175927afb6e0ec66f933d6f9d90f8bf19dce7965b429a8d"}}
[debug] [2023-02-18T11:28:30.214Z] <<< [apiv2][status] POST https://firebasehosting.googleapis.com/v1beta1/projects/461521295771/sites/monk-mode-movement/versions/92dbfea8216c678c:populateFiles 200
[debug] [2023-02-18T11:28:30.214Z] <<< [apiv2][body] POST https://firebasehosting.googleapis.com/v1beta1/projects/461521295771/sites/monk-mode-movement/versions/92dbfea8216c678c:populateFiles {"uploadRequiredHashes":["0e8771cd19ca2c343308424afdbddc0eab3bf1f1fe22bc33e419bd4aae42206b","5fecea4eb2f0690157c50da24be2ee4f89bedd6fe72d9b1ae77198125e96862a","a2343ede9b4111c1cd1680a143475ab0ca1c47c4195f8378a125f0cd198d5fc1","2e71cd7c4750a8b5c175927afb6e0ec66f933d6f9d90f8bf19dce7965b429a8d","1a2ae2a2fc283ad38edaf2bd57de6485b6326921fd876e4bd566d201057530dc","cd556758b207bc375e03bde1299abc21ce6e4dea2adacc37728aa9596f30fe4d","98fddce2b0cdb36a89f7e50272acd7a17899ccf8eaa46c7523d3344e471b8517"],"uploadUrl":"https://upload-firebasehosting.googleapis.com/upload/sites/monk-mode-movement/versions/92dbfea8216c678c/files"}
[debug] [2023-02-18T11:28:30.216Z] >>> [apiv2][query] POST https://upload-firebasehosting.googleapis.com/upload/sites/monk-mode-movement/versions/92dbfea8216c678c/files/0e8771cd19ca2c343308424afdbddc0eab3bf1f1fe22bc33e419bd4aae42206b [none]
[debug] [2023-02-18T11:28:30.216Z] >>> [apiv2][body] POST https://upload-firebasehosting.googleapis.com/upload/sites/monk-mode-movement/versions/92dbfea8216c678c/files/0e8771cd19ca2c343308424afdbddc0eab3bf1f1fe22bc33e419bd4aae42206b [stream]
[debug] [2023-02-18T11:28:30.218Z] >>> [apiv2][query] POST https://upload-firebasehosting.googleapis.com/upload/sites/monk-mode-movement/versions/92dbfea8216c678c/files/5fecea4eb2f0690157c50da24be2ee4f89bedd6fe72d9b1ae77198125e96862a [none]
[debug] [2023-02-18T11:28:30.218Z] >>> [apiv2][body] POST https://upload-firebasehosting.googleapis.com/upload/sites/monk-mode-movement/versions/92dbfea8216c678c/files/5fecea4eb2f0690157c50da24be2ee4f89bedd6fe72d9b1ae77198125e96862a [stream]
[debug] [2023-02-18T11:28:30.219Z] >>> [apiv2][query] POST https://upload-firebasehosting.googleapis.com/upload/sites/monk-mode-movement/versions/92dbfea8216c678c/files/a2343ede9b4111c1cd1680a143475ab0ca1c47c4195f8378a125f0cd198d5fc1 [none]
[debug] [2023-02-18T11:28:30.219Z] >>> [apiv2][body] POST https://upload-firebasehosting.googleapis.com/upload/sites/monk-mode-movement/versions/92dbfea8216c678c/files/a2343ede9b4111c1cd1680a143475ab0ca1c47c4195f8378a125f0cd198d5fc1 [stream]
[debug] [2023-02-18T11:28:30.220Z] >>> [apiv2][query] POST https://upload-firebasehosting.googleapis.com/upload/sites/monk-mode-movement/versions/92dbfea8216c678c/files/2e71cd7c4750a8b5c175927afb6e0ec66f933d6f9d90f8bf19dce7965b429a8d [none]
[debug] [2023-02-18T11:28:30.220Z] >>> [apiv2][body] POST https://upload-firebasehosting.googleapis.com/upload/sites/monk-mode-movement/versions/92dbfea8216c678c/files/2e71cd7c4750a8b5c175927afb6e0ec66f933d6f9d90f8bf19dce7965b429a8d [stream]
[debug] [2023-02-18T11:28:30.222Z] >>> [apiv2][query] POST https://upload-firebasehosting.googleapis.com/upload/sites/monk-mode-movement/versions/92dbfea8216c678c/files/1a2ae2a2fc283ad38edaf2bd57de6485b6326921fd876e4bd566d201057530dc [none]
[debug] [2023-02-18T11:28:30.222Z] >>> [apiv2][body] POST https://upload-firebasehosting.googleapis.com/upload/sites/monk-mode-movement/versions/92dbfea8216c678c/files/1a2ae2a2fc283ad38edaf2bd57de6485b6326921fd876e4bd566d201057530dc [stream]
[debug] [2023-02-18T11:28:30.223Z] >>> [apiv2][query] POST https://upload-firebasehosting.googleapis.com/upload/sites/monk-mode-movement/versions/92dbfea8216c678c/files/cd556758b207bc375e03bde1299abc21ce6e4dea2adacc37728aa9596f30fe4d [none]
[debug] [2023-02-18T11:28:30.223Z] >>> [apiv2][body] POST https://upload-firebasehosting.googleapis.com/upload/sites/monk-mode-movement/versions/92dbfea8216c678c/files/cd556758b207bc375e03bde1299abc21ce6e4dea2adacc37728aa9596f30fe4d [stream]
[debug] [2023-02-18T11:28:30.224Z] >>> [apiv2][query] POST https://upload-firebasehosting.googleapis.com/upload/sites/monk-mode-movement/versions/92dbfea8216c678c/files/98fddce2b0cdb36a89f7e50272acd7a17899ccf8eaa46c7523d3344e471b8517 [none]
[debug] [2023-02-18T11:28:30.225Z] >>> [apiv2][body] POST https://upload-firebasehosting.googleapis.com/upload/sites/monk-mode-movement/versions/92dbfea8216c678c/files/98fddce2b0cdb36a89f7e50272acd7a17899ccf8eaa46c7523d3344e471b8517 [stream]
[debug] [2023-02-18T11:28:30.226Z] [hosting][populate queue][FINAL] {"max":803,"min":803,"avg":803,"active":0,"complete":1,"success":1,"errored":0,"retried":0,"total":1,"elapsed":813}
[debug] [2023-02-18T11:28:30.226Z] [hosting] uploads queued: 7
